<?xml version="1.0" encoding="UTF-8"?>
<!-- Generated by org.testng.reporters.JUnitReportReporter -->
<testsuite skipped="0" hostname="lakeba" name="readFile.DemoRead" tests="2" failures="0" timestamp="28 Oct 2018 07:17:17 GMT" time="111.245" errors="0">
  <testcase name="getPageSource" time="52.512" classname="readFile.DemoRead"/>
  <testcase name="getPageSource1" time="58.733" classname="readFile.DemoRead"/>
</testsuite> <!-- readFile.DemoRead -->
